2024-05-03 17:59:51,832 : Base.Libraries.logging : INFO : data in the file Base/Elements/Data/data.json loaded
2024-05-03 17:59:51,833 : Base.Libraries.logging : INFO : data in the file Base/Elements/Data/data.json loaded
2024-05-03 17:59:51,833 : Base.Libraries.logging : INFO : data in the file Base/Elements/Data/data.json loaded
2024-05-03 17:59:51,834 : Base.Libraries.logging : INFO : data in the file Base/Elements/Data/data.json loaded
2024-05-03 17:59:51,834 : Base.Libraries.logging : INFO : data in the file Base/Elements/Data/data.json loaded
2024-05-03 17:59:51,836 : Base.Libraries.logging : INFO : data in the file Base/Elements/Data/data.json loaded
2024-05-03 17:59:51,836 : Base.Libraries.logging : INFO : data in the file Base/Elements/Data/data.json loaded
2024-05-03 17:59:51,837 : Base.Libraries.logging : INFO : data in the file Base/Elements/Data/data.json loaded
2024-05-03 17:59:51,837 : Base.Libraries.logging : INFO : data in the file Base/Elements/Data/data.json loaded
2024-05-03 17:59:51,838 : Base.Libraries.logging : INFO : data in the file Base/Elements/Data/data.json loaded
2024-05-03 17:59:51,838 : Base.Libraries.logging : INFO : data in the file Base/Elements/Data/data.json loaded
2024-05-03 17:59:51,839 : Base.Libraries.logging : INFO : data in the file Base/Elements/Data/data.json loaded
2024-05-03 17:59:51,839 : Base.Libraries.logging : INFO : data in the file Base/Elements/Data/data.json loaded
2024-05-03 17:59:51,840 : Base.Libraries.logging : INFO : data in the file Base/Elements/Data/data.json loaded
2024-05-03 17:59:51,840 : Base.Libraries.logging : INFO : data in the file Base/Elements/Data/data.json loaded
2024-05-03 17:59:51,841 : Base.Libraries.logging : INFO : data in the file Base/Elements/Data/data.json loaded
2024-05-03 17:59:51,841 : Base.Libraries.logging : INFO : data in the file Base/Elements/Data/data.json loaded
2024-05-03 17:59:51,842 : Base.Libraries.logging : INFO : data in the file Base/Elements/Data/data.json loaded
2024-05-03 17:59:51,842 : Base.Libraries.logging : INFO : data in the file Base/Elements/Data/data.json loaded
2024-05-03 17:59:51,843 : Base.Libraries.logging : INFO : data in the file Base/Elements/Data/data.json loaded
2024-05-03 17:59:51,843 : Base.Libraries.logging : INFO : data in the file Base/Elements/Data/data.json loaded
2024-05-03 17:59:51,844 : Base.Libraries.logging : INFO : data in the file Base/Elements/Data/data.json loaded
2024-05-03 17:59:51,844 : Base.Libraries.logging : INFO : data in the file Base/Elements/Data/data.json loaded
2024-05-03 17:59:51,844 : Base.Libraries.logging : INFO : data in the file Base/Elements/Data/data.json loaded
2024-05-03 17:59:51,845 : Base.Libraries.logging : INFO : data in the file Base/Elements/Data/data.json loaded
2024-05-03 17:59:51,846 : Base.Libraries.logging : INFO : data in the file Base/Elements/Data/data.json loaded
2024-05-03 17:59:51,847 : Base.Libraries.logging : INFO : data in the file Base/Elements/Data/data.json loaded
2024-05-03 17:59:51,847 : Base.Libraries.logging : INFO : data in the file Base/Elements/Data/data.json loaded
2024-05-03 17:59:51,848 : Base.Libraries.logging : INFO : data in the file Base/Elements/Data/data.json loaded
2024-05-03 17:59:51,848 : Base.Libraries.logging : INFO : data in the file Base/Elements/Data/data.json loaded
2024-05-03 17:59:51,848 : Base.Libraries.logging : INFO : data in the file Base/Elements/Data/data.json loaded
2024-05-03 17:59:51,849 : Base.Libraries.logging : INFO : data in the file Base/Elements/Data/data.json loaded
2024-05-03 17:59:51,849 : Base.Libraries.logging : INFO : data in the file Base/Elements/Data/data.json loaded
2024-05-03 17:59:51,850 : Base.Libraries.logging : INFO : data in the file Base/Elements/Data/data.json loaded
2024-05-03 17:59:51,850 : Base.Libraries.logging : INFO : data in the file Base/Elements/Data/data.json loaded
2024-05-03 17:59:51,851 : Base.Libraries.logging : INFO : data in the file Base/Elements/Data/data.json loaded
2024-05-03 17:59:51,851 : Base.Libraries.logging : INFO : data in the file Base/Elements/Data/data.json loaded
2024-05-03 17:59:51,852 : Base.Libraries.logging : INFO : data in the file Base/Elements/Data/data.json loaded
2024-05-03 17:59:51,852 : Base.Libraries.logging : INFO : data in the file Base/Elements/Data/data.json loaded
2024-05-03 17:59:51,853 : Base.Libraries.logging : INFO : data in the file Base/Elements/Data/data.json loaded
2024-05-03 17:59:53,432 : Base.Libraries.logging : INFO : data sent to the api using post request
2024-05-03 17:59:53,437 : Base.Libraries.logging : INFO : sent data to the file Base/Elements/Data/data.json
2024-05-03 17:59:53,441 : Base.Libraries.logging : INFO : tested json schema
 the file Base/Elements/Data/data.json
2024-05-03 17:59:53,441 : Base.Libraries.logging : INFO : tested json schema
24-05-03 17:59:51,843 : Base.Libraries.logging : INFO : data in the file Base/Elements/Data/data.json loaded
2024-05-03 17:59:51,844 : Base.Libraries.logging : INFO : data in the file Base/Elements/Data/data.json loaded
2024-05-03 17:59:51,844 : Base.Libraries.logging : INFO : data in the file Base/Elements/Data/data.json loaded
2024-05-03 17:59:51,844 : Base.Libraries.logging : INFO : data in the file Base/Elements/Data/data.json loaded
2024-05-03 17:59:51,845 : Base.Libraries.logging : INFO : data in the file Base/Elements/Data/data.json loaded
2024-05-03 17:59:51,846 : Base.Libraries.logging : INFO : data in the file Base/Elements/Data/data.json loaded
2024-05-03 17:59:51,847 : Base.Libraries.logging : INFO : data in the file Base/Elements/Data/data.json loaded
2024-05-03 17:59:51,847 : Base.Libraries.logging : INFO : data in the file Base/Elements/Data/data.json loaded
2024-05-03 17:59:51,848 : Base.Libraries.logging : INFO : data in the file Base/Elements/Data/data.json loaded
2024-05-03 17:59:51,848 : Base.Libraries.logging : INFO : data in the file Base/Elements/Data/data.json loaded
2024-05-03 17:59:51,848 : Base.Libraries.logging : INFO : data in the file Base/Elements/Data/data.json loaded
2024-05-03 17:59:51,849 : Base.Libraries.logging : INFO : data in the file Base/Elements/Data/data.json loaded
2024-05-03 17:59:51,849 : Base.Libraries.logging : INFO : data in the file Base/Elements/Data/data.json loaded
2024-05-03 17:59:51,850 : Base.Libraries.logging : INFO : data in the file Base/Elements/Data/data.json loaded
2024-05-03 17:59:51,850 : Base.Libraries.logging : INFO : data in the file Base/Elements/Data/data.json loaded
2024-05-03 17:59:51,851 : Base.Libraries.logging : INFO : data in the file Base/Elements/Data/data.json loaded
2024-05-03 17:59:51,851 : Base.Libraries.logging : INFO : data in the file Base/Elements/Data/data.json loaded
2024-05-03 17:59:51,852 : Base.Libraries.logging : INFO : data in the file Base/Elements/Data/data.json loaded
2024-05-03 17:59:51,852 : Base.Libraries.logging : INFO : data in the file Base/Elements/Data/data.json loaded
2024-05-03 17:59:51,853 : Base.Libraries.logging : INFO : data in the file Base/Elements/Data/data.json loaded
2024-05-03 17:59:53,432 : Base.Libraries.logging : INFO : data sent to the api using post request
2024-05-03 17:59:53,437 : Base.Libraries.logging : INFO : sent data to the file Base/Elements/Data/data.json
2024-05-03 17:59:53,441 : Base.Libraries.logging : INFO : tested json schema
 the file Base/Elements/Data/data.json
2024-05-03 17:59:53,441 : Base.Libraries.logging : INFO : tested json schema

2024-05-03 17:59:51,848 : Base.Libraries.logging : INFO : data in the file Base/Elements/Data/data.json loaded
2024-05-03 17:59:51,849 : Base.Libraries.logging : INFO : data in the file Base/Elements/Data/data.json loaded
2024-05-03 17:59:51,849 : Base.Libraries.logging : INFO : data in the file Base/Elements/Data/data.json loaded
2024-05-03 17:59:51,850 : Base.Libraries.logging : INFO : data in the file Base/Elements/Data/data.json loaded
2024-05-03 17:59:51,850 : Base.Libraries.logging : INFO : data in the file Base/Elements/Data/data.json loaded
2024-05-03 17:59:51,851 : Base.Libraries.logging : INFO : data in the file Base/Elements/Data/data.json loaded
2024-05-03 17:59:51,851 : Base.Libraries.logging : INFO : data in the file Base/Elements/Data/data.json loaded
2024-05-03 17:59:51,852 : Base.Libraries.logging : INFO : data in the file Base/Elements/Data/data.json loaded
2024-05-03 17:59:51,852 : Base.Libraries.logging : INFO : data in the file Base/Elements/Data/data.json loaded
2024-05-03 17:59:51,853 : Base.Libraries.logging : INFO : data in the file Base/Elements/Data/data.json loaded
2024-05-03 17:59:53,432 : Base.Libraries.logging : INFO : data sent to the api using post request
2024-05-03 17:59:53,437 : Base.Libraries.logging : INFO : sent data to the file Base/Elements/Data/data.json
2024-05-03 17:59:53,441 : Base.Libraries.logging : INFO : tested json schema
 the file Base/Elements/Data/data.json
2024-05-03 17:59:53,441 : Base.Libraries.logging : INFO : tested json schema

2024-05-03 17:59:51,851 : Base.Libraries.logging : INFO : data in the file Base/Elements/Data/data.json loaded
2024-05-03 17:59:51,851 : Base.Libraries.logging : INFO : data in the file Base/Elements/Data/data.json loaded
2024-05-03 17:59:51,852 : Base.Libraries.logging : INFO : data in the file Base/Elements/Data/data.json loaded
2024-05-03 17:59:51,852 : Base.Libraries.logging : INFO : data in the file Base/Elements/Data/data.json loaded
2024-05-03 17:59:51,853 : Base.Libraries.logging : INFO : data in the file Base/Elements/Data/data.json loaded
2024-05-03 17:59:53,432 : Base.Libraries.logging : INFO : data sent to the api using post request
2024-05-03 17:59:53,437 : Base.Libraries.logging : INFO : sent data to the file Base/Elements/Data/data.json
2024-05-03 17:59:53,441 : Base.Libraries.logging : INFO : tested json schema
 the file Base/Elements/Data/data.json
2024-05-03 17:59:53,441 : Base.Libraries.logging : INFO : tested json schema
2024-05-03 17:59:51,851 : Base.Libraries.logging : INFO : data in the file Base/Elements/Data/data.json loaded
2024-05-03 17:59:51,851 : Base.Libraries.logging : INFO : data in the file Base/Elements/Data/data.json loaded
2024-05-03 17:59:51,852 : Base.Libraries.logging : INFO : data in the file Base/Elements/Data/data.json loaded
2024-05-03 17:59:51,852 : Base.Libraries.logging : INFO : data in the file Base/Elements/Data/data.json loaded
2024-05-03 17:59:51,853 : Base.Libraries.logging : INFO : data in the file Base/Elements/Data/data.json loaded
2024-05-03 17:59:53,432 : Base.Libraries.logging : INFO : data sent to the api using post request
2024-05-03 17:59:53,437 : Base.Libraries.logging : INFO : sent data to the file Base/Elements/Data/data.json
2024-05-03 17:59:53,441 : Base.Libraries.logging : INFO : tested json schema
 the file Base/Elements/Data/data.json
2024-05-03 17:59:53,441 : Base.Libraries.logging : INFO : tested json schema
in the file Base/Elements/Data/data.json loaded
2024-05-03 17:59:51,852 : Base.Libraries.logging : INFO : data in the file Base/Elements/Data/data.json loaded
2024-05-03 17:59:51,853 : Base.Libraries.logging : INFO : data in the file Base/Elements/Data/data.json loaded
2024-05-03 17:59:53,432 : Base.Libraries.logging : INFO : data sent to the api using post request
2024-05-03 17:59:53,437 : Base.Libraries.logging : INFO : sent data to the file Base/Elements/Data/data.json
2024-05-03 17:59:53,441 : Base.Libraries.logging : INFO : tested json schema
 the file Base/Elements/Data/data.json
2024-05-03 17:59:53,441 : Base.Libraries.logging : INFO : tested json schema
 the file Base/Elements/Data/data.json
2024-05-03 17:59:53,441 : Base.Libraries.logging : INFO : tested json schema
